<?xml version="1.0" encoding="UTF-8"?>
<coverage generated="1780513961204" clover="3.2.0">
  <project timestamp="1780513961204" name="All files">
    <metrics statements="6" coveredstatements="5" conditionals="2" coveredconditionals="1" methods="2" coveredmethods="2" elements="10" coveredelements="8" complexity="0" loc="6" ncloc="6" packages="1" files="2" classes="2"/>
    <file name="ContactUs.js" path="C:\Users\JOHNY\OneDrive\Desktop\React.js_Learning\src\Components\ContactUs.js">
      <metrics statements="4" coveredstatements="3" conditionals="2" coveredconditionals="1" methods="1" coveredmethods="1"/>
      <line num="4" count="1" type="stmt"/>
      <line num="5" count="1" type="cond" truecount="1" falsecount="1"/>
      <line num="6" count="0" type="stmt"/>
      <line num="17" count="1" type="stmt"/>
    </file>
    <file name="Sum.js" path="C:\Users\JOHNY\OneDrive\Desktop\React.js_Learning\src\Components\Sum.js">
      <metrics statements="2" coveredstatements="2" conditionals="0" coveredconditionals="0" methods="1" coveredmethods="1"/>
      <line num="1" count="1" type="stmt"/>
      <line num="2" count="1" type="stmt"/>
    </file>
  </project>
</coverage>
