{"C:\\Users\\JOHNY\\OneDrive\\Desktop\\React.js_Learning\\src\\Components\\ContactUs.js": {"path":"C:\\Users\\JOHNY\\OneDrive\\Desktop\\React.js_Learning\\src\\Components\\ContactUs.js","statementMap":{"0":{"start":{"line":4,"column":18},"end":{"line":58,"column":1}},"1":{"start":{"line":5,"column":2},"end":{"line":15,"column":3}},"2":{"start":{"line":6,"column":4},"end":{"line":14,"column":6}},"3":{"start":{"line":17,"column":2},"end":{"line":57,"column":4}}},"fnMap":{"0":{"name":"(anonymous_0)","decl":{"start":{"line":4,"column":18},"end":{"line":4,"column":19}},"loc":{"start":{"line":4,"column":24},"end":{"line":58,"column":1}},"line":4}},"branchMap":{"0":{"loc":{"start":{"line":5,"column":2},"end":{"line":15,"column":3}},"type":"if","locations":[{"start":{"line":5,"column":2},"end":{"line":15,"column":3}},{"start":{},"end":{}}],"line":5}},"s":{"0":1,"1":1,"2":0,"3":1},"f":{"0":1},"b":{"0":[0,1]},"_coverageSchema":"1a1c01bbd47fc00a2c39e90264f33305004495a9","hash":"df555bd4ecd01764cfc975b32a52a3fc68d815d6"}
,"C:\\Users\\JOHNY\\OneDrive\\Desktop\\React.js_Learning\\src\\Components\\Sum.js": {"path":"C:\\Users\\JOHNY\\OneDrive\\Desktop\\React.js_Learning\\src\\Components\\Sum.js","statementMap":{"0":{"start":{"line":1,"column":19},"end":{"line":3,"column":1}},"1":{"start":{"line":2,"column":4},"end":{"line":2,"column":17}}},"fnMap":{"0":{"name":"(anonymous_0)","decl":{"start":{"line":1,"column":19},"end":{"line":1,"column":20}},"loc":{"start":{"line":1,"column":29},"end":{"line":3,"column":1}},"line":1}},"branchMap":{},"s":{"0":1,"1":1},"f":{"0":1},"b":{},"_coverageSchema":"1a1c01bbd47fc00a2c39e90264f33305004495a9","hash":"903044882845fee550628a2f0170b888d3a2d44d"}
}
